::1 - - [Fri, 22 Mar 2019 17:37:39 GMT] "GET / HTTP/1.1" 200 - "-" "Mozilla/5.0 (Windows NT 10.0; Win64; x64) AppleWebKit/537.36 (KHTML, like Gecko) Chrome/72.0.3626.121 Safari/537.36"
::1 - - [Fri, 22 Mar 2019 17:37:39 GMT] "GET /jquery-ui/jquery-ui.css HTTP/1.1" 200 36641 "http://localhost:8080/" "Mozilla/5.0 (Windows NT 10.0; Win64; x64) AppleWebKit/537.36 (KHTML, like Gecko) Chrome/72.0.3626.121 Safari/537.36"
::1 - - [Fri, 22 Mar 2019 17:37:39 GMT] "GET /jquery-ui/jquery-ui.js HTTP/1.1" 200 520714 "http://localhost:8080/" "Mozilla/5.0 (Windows NT 10.0; Win64; x64) AppleWebKit/537.36 (KHTML, like Gecko) Chrome/72.0.3626.121 Safari/537.36"
::1 - - [Fri, 22 Mar 2019 17:37:41 GMT] "GET /image/logo.png HTTP/1.1" 200 30295 "http://localhost:8080/" "Mozilla/5.0 (Windows NT 10.0; Win64; x64) AppleWebKit/537.36 (KHTML, like Gecko) Chrome/72.0.3626.121 Safari/537.36"
::1 - - [Fri, 22 Mar 2019 17:37:41 GMT] "GET /image/background.png HTTP/1.1" 200 80064 "http://localhost:8080/" "Mozilla/5.0 (Windows NT 10.0; Win64; x64) AppleWebKit/537.36 (KHTML, like Gecko) Chrome/72.0.3626.121 Safari/537.36"
::1 - - [Fri, 22 Mar 2019 17:37:41 GMT] "GET /jquery-ui/images/ui-bg_diagonal-maze_30_007fff_10x10.png HTTP/1.1" 200 293 "http://localhost:8080/jquery-ui/jquery-ui.css" "Mozilla/5.0 (Windows NT 10.0; Win64; x64) AppleWebKit/537.36 (KHTML, like Gecko) Chrome/72.0.3626.121 Safari/537.36"
::1 - - [Fri, 22 Mar 2019 17:37:41 GMT] "GET /jquery-ui/images/ui-bg_diamond_60_e4dfa1_10x8.png HTTP/1.1" 200 303 "http://localhost:8080/jquery-ui/jquery-ui.css" "Mozilla/5.0 (Windows NT 10.0; Win64; x64) AppleWebKit/537.36 (KHTML, like Gecko) Chrome/72.0.3626.121 Safari/537.36"
::1 - - [Fri, 22 Mar 2019 17:37:41 GMT] "GET /jquery-ui/images/ui-icons_ffffff_256x240.png HTTP/1.1" 200 6299 "http://localhost:8080/jquery-ui/jquery-ui.css" "Mozilla/5.0 (Windows NT 10.0; Win64; x64) AppleWebKit/537.36 (KHTML, like Gecko) Chrome/72.0.3626.121 Safari/537.36"
::1 - - [Fri, 22 Mar 2019 17:37:41 GMT] "GET /jquery-ui/images/ui-bg_glass_30_a2bd2c_1x400.png HTTP/1.1" 200 337 "http://localhost:8080/jquery-ui/jquery-ui.css" "Mozilla/5.0 (Windows NT 10.0; Win64; x64) AppleWebKit/537.36 (KHTML, like Gecko) Chrome/72.0.3626.121 Safari/537.36"
::1 - - [Fri, 22 Mar 2019 17:37:41 GMT] "GET /jquery-ui/images/ui-bg_layered-circles_30_87a9ec_13x13.png HTTP/1.1" 200 385 "http://localhost:8080/jquery-ui/jquery-ui.css" "Mozilla/5.0 (Windows NT 10.0; Win64; x64) AppleWebKit/537.36 (KHTML, like Gecko) Chrome/72.0.3626.121 Safari/537.36"
::1 - - [Fri, 22 Mar 2019 17:37:41 GMT] "GET /jquery-ui/images/ui-icons_777777_256x240.png HTTP/1.1" 200 6999 "http://localhost:8080/jquery-ui/jquery-ui.css" "Mozilla/5.0 (Windows NT 10.0; Win64; x64) AppleWebKit/537.36 (KHTML, like Gecko) Chrome/72.0.3626.121 Safari/537.36"
::1 - - [Fri, 22 Mar 2019 17:37:41 GMT] "GET /jquery-ui/images/ui-icons_cc0000_256x240.png HTTP/1.1" 200 4549 "http://localhost:8080/jquery-ui/jquery-ui.css" "Mozilla/5.0 (Windows NT 10.0; Win64; x64) AppleWebKit/537.36 (KHTML, like Gecko) Chrome/72.0.3626.121 Safari/537.36"
::1 - - [Fri, 22 Mar 2019 17:37:41 GMT] "GET /jquery-ui/images/ui-icons_ef6868_256x240.png HTTP/1.1" 200 4549 "http://localhost:8080/jquery-ui/jquery-ui.css" "Mozilla/5.0 (Windows NT 10.0; Win64; x64) AppleWebKit/537.36 (KHTML, like Gecko) Chrome/72.0.3626.121 Safari/537.36"
::1 - - [Fri, 22 Mar 2019 17:37:41 GMT] "GET /getSession HTTP/1.1" 200 36 "http://localhost:8080/" "Mozilla/5.0 (Windows NT 10.0; Win64; x64) AppleWebKit/537.36 (KHTML, like Gecko) Chrome/72.0.3626.121 Safari/537.36"
::1 - - [Fri, 22 Mar 2019 17:37:41 GMT] "GET /shuffle HTTP/1.1" 200 396 "http://localhost:8080/" "Mozilla/5.0 (Windows NT 10.0; Win64; x64) AppleWebKit/537.36 (KHTML, like Gecko) Chrome/72.0.3626.121 Safari/537.36"
::1 - - [Fri, 22 Mar 2019 17:37:41 GMT] "GET /image/cover.jpg HTTP/1.1" 200 1479835 "http://localhost:8080/" "Mozilla/5.0 (Windows NT 10.0; Win64; x64) AppleWebKit/537.36 (KHTML, like Gecko) Chrome/72.0.3626.121 Safari/537.36"
::1 - - [Fri, 22 Mar 2019 17:37:42 GMT] "GET /image/cover.jpg HTTP/1.1" 304 - "-" "Mozilla/5.0 (Windows NT 10.0; Win64; x64) AppleWebKit/537.36 (KHTML, like Gecko) Chrome/72.0.3626.121 Safari/537.36"
::1 - - [Fri, 22 Mar 2019 17:37:42 GMT] "GET /image/logo.png HTTP/1.1" 200 30295 "http://localhost:8080/" "Mozilla/5.0 (Windows NT 10.0; Win64; x64) AppleWebKit/537.36 (KHTML, like Gecko) Chrome/72.0.3626.121 Safari/537.36"
::1 - - [Fri, 22 Mar 2019 17:37:43 GMT] "GET /jquery-ui/images/ui-icons_777620_256x240.png HTTP/1.1" 304 - "http://localhost:8080/jquery-ui/jquery-ui.css" "Mozilla/5.0 (Windows NT 10.0; Win64; x64) AppleWebKit/537.36 (KHTML, like Gecko) Chrome/72.0.3626.121 Safari/537.36"
::1 - GET / HTTP/1.1 200 - - 7.623 ms
::1 - GET /jquery-ui/jquery-ui.css HTTP/1.1 304 - - 4.506 ms
::1 - GET /jquery-ui/jquery-ui.js HTTP/1.1 304 - - 1.447 ms
::1 - GET /image/logo.png HTTP/1.1 304 - - 2.554 ms
::1 - GET /image/background.png HTTP/1.1 304 - - 2.944 ms
::1 - GET /image/cover.jpg HTTP/1.1 304 - - 2.745 ms
::1 - GET /jquery-ui/images/ui-bg_diagonal-maze_30_007fff_10x10.png HTTP/1.1 304 - - 2.731 ms
::1 - GET /jquery-ui/images/ui-icons_ffffff_256x240.png HTTP/1.1 304 - - 2.713 ms
::1 - GET /jquery-ui/images/ui-bg_diamond_60_e4dfa1_10x8.png HTTP/1.1 304 - - 2.663 ms
::1 - GET /jquery-ui/images/ui-bg_glass_30_a2bd2c_1x400.png HTTP/1.1 304 - - 1.196 ms
::1 - GET /jquery-ui/images/ui-bg_layered-circles_30_87a9ec_13x13.png HTTP/1.1 304 - - 1.142 ms
::1 - GET /jquery-ui/images/ui-icons_777777_256x240.png HTTP/1.1 304 - - 0.654 ms
::1 - GET /jquery-ui/images/ui-icons_ef6868_256x240.png HTTP/1.1 304 - - 0.739 ms
::1 - GET /jquery-ui/images/ui-icons_cc0000_256x240.png HTTP/1.1 304 - - 0.693 ms
::1 - GET /getSession HTTP/1.1 304 - - 2.385 ms
::1 - GET /shuffle HTTP/1.1 200 392 - 10.591 ms
::1 - GET /image/logo.png HTTP/1.1 200 30295 - 3.427 ms
::1 - GET /jquery-ui/images/ui-icons_777620_256x240.png HTTP/1.1 304 - - 2.869 ms
::1 - GET /jquery-ui/images/ui-bg_layered-circles_30_dbd793_13x13.png HTTP/1.1 304 - - 1.448 ms
::1 - GET /lookUp?txt=%E6%9F%A5%E8%AF%A2 HTTP/1.1 200 82 - 4.860 ms
::1 - GET /jquery-ui/images/ui-icons_555555_256x240.png HTTP/1.1 304 - - 1.541 ms
::1 - GET /checkMore?txt=%E6%9F%A5%E8%AF%A2 HTTP/1.1 200 50 - 3658.997 ms
::1 - GET / HTTP/1.1 200 - - 1.128 ms
::1 - GET /jquery-ui/jquery-ui.css HTTP/1.1 304 - - 2.709 ms
::1 - GET /jquery-ui/jquery-ui.js HTTP/1.1 304 - - 2.770 ms
::1 - GET /image/logo.png HTTP/1.1 304 - - 1.274 ms
::1 - GET /image/background.png HTTP/1.1 304 - - 1.753 ms
::1 - GET /image/cover.jpg HTTP/1.1 304 - - 1.263 ms
::1 - GET /jquery-ui/images/ui-bg_diagonal-maze_30_007fff_10x10.png HTTP/1.1 304 - - 1.255 ms
::1 - GET /jquery-ui/images/ui-icons_ffffff_256x240.png HTTP/1.1 304 - - 1.854 ms
::1 - GET /jquery-ui/images/ui-bg_diamond_60_e4dfa1_10x8.png HTTP/1.1 304 - - 1.251 ms
::1 - GET /jquery-ui/images/ui-bg_glass_30_a2bd2c_1x400.png HTTP/1.1 304 - - 1.764 ms
::1 - GET /jquery-ui/images/ui-bg_layered-circles_30_87a9ec_13x13.png HTTP/1.1 304 - - 1.844 ms
::1 - GET /jquery-ui/images/ui-icons_777777_256x240.png HTTP/1.1 304 - - 1.758 ms
::1 - GET /jquery-ui/images/ui-icons_ef6868_256x240.png HTTP/1.1 304 - - 0.660 ms
::1 - GET /jquery-ui/images/ui-icons_cc0000_256x240.png HTTP/1.1 304 - - 0.775 ms
::1 - GET /getSession HTTP/1.1 304 - - 0.603 ms
::1 - GET /shuffle HTTP/1.1 200 391 - 3.302 ms
::1 - GET /image/logo.png HTTP/1.1 200 30295 - 1.214 ms
::1 - GET / HTTP/1.1 200 - - 1.769 ms
::1 - GET /jquery-ui/jquery-ui.css HTTP/1.1 304 - - 1.224 ms
::1 - GET /jquery-ui/jquery-ui.js HTTP/1.1 304 - - 1.821 ms
::1 - GET /image/logo.png HTTP/1.1 304 - - 0.716 ms
::1 - GET /image/background.png HTTP/1.1 304 - - 0.824 ms
::1 - GET /image/cover.jpg HTTP/1.1 304 - - 0.680 ms
::1 - GET /jquery-ui/images/ui-bg_diagonal-maze_30_007fff_10x10.png HTTP/1.1 304 - - 0.800 ms
::1 - GET /jquery-ui/images/ui-icons_ffffff_256x240.png HTTP/1.1 304 - - 0.692 ms
::1 - GET /jquery-ui/images/ui-bg_diamond_60_e4dfa1_10x8.png HTTP/1.1 304 - - 0.768 ms
::1 - GET /jquery-ui/images/ui-bg_glass_30_a2bd2c_1x400.png HTTP/1.1 304 - - 0.696 ms
::1 - GET /jquery-ui/images/ui-bg_layered-circles_30_87a9ec_13x13.png HTTP/1.1 304 - - 1.442 ms
::1 - GET /jquery-ui/images/ui-icons_777777_256x240.png HTTP/1.1 304 - - 1.420 ms
::1 - GET /jquery-ui/images/ui-icons_ef6868_256x240.png HTTP/1.1 304 - - 1.518 ms
::1 - GET /jquery-ui/images/ui-icons_cc0000_256x240.png HTTP/1.1 304 - - 0.690 ms
::1 - GET /getSession HTTP/1.1 200 33 - 0.564 ms
::1 - GET /shuffle HTTP/1.1 200 401 - 1.781 ms
::1 - GET /image/logo.png HTTP/1.1 200 30295 - 1.434 ms
::1 - GET /jquery-ui/images/ui-icons_777620_256x240.png HTTP/1.1 304 - - 2.471 ms
::1 - GET /jquery-ui/images/ui-bg_layered-circles_30_dbd793_13x13.png HTTP/1.1 304 - - 1.122 ms
